<?xml version="1.0" encoding="UTF-8"?>
<!-- Generated by org.testng.reporters.JUnitXMLReporter -->
<testsuite ignored="0" hostname="NL-PF10R29K" failures="4" tests="11" name="Evolution Gaming Test Automation" time="30.158" errors="0" timestamp="25 Aug 2018 16:28:05 GMT">
  <testcase classname="com.ss.qa.testcases.TransportPageTest" name="@BeforeMethod setUp" time="3.462">
    <failure type="java.lang.NullPointerException">
      <![CDATA[java.lang.NullPointerException
at com.ss.qa.util.WebEventListener.beforeFindBy(WebEventListener.java:68)
at org.openqa.selenium.support.events.EventFiringWebDriver.lambda$new$0(EventFiringWebDriver.java:84)
at com.sun.proxy.$Proxy9.beforeFindBy(Unknown Source)
at org.openqa.selenium.support.events.EventFiringWebDriver.findElement(EventFiringWebDriver.java:193)
at org.openqa.selenium.support.pagefactory.DefaultElementLocator.findElement(DefaultElementLocator.java:69)
at org.openqa.selenium.support.pagefactory.internal.LocatingElementHandler.invoke(LocatingElementHandler.java:38)
at com.sun.proxy.$Proxy14.click(Unknown Source)
at com.ss.qa.pages.HomePage.clickTransportLink(HomePage.java:54)
at com.ss.qa.testcases.TransportPageTest.setUp(TransportPageTest.java:32)
... Removed 32 stack frames]]>
    </failure>
  </testcase> <!-- @BeforeMethod setUp -->
  <testcase classname="com.ss.qa.testcases.TransportPageTest" name="@AfterMethod teadDown" time="0.0">
    <skipped/>
  </testcase> <!-- @AfterMethod teadDown -->
  <testcase classname="com.ss.qa.testcases.TransportPageTest" name="@BeforeMethod setUp" time="0.0">
    <skipped/>
  </testcase> <!-- @BeforeMethod setUp -->
  <testcase classname="com.ss.qa.testcases.TransportPageTest" name="@AfterMethod teadDown" time="0.0">
    <skipped/>
  </testcase> <!-- @AfterMethod teadDown -->
  <testcase classname="com.ss.qa.testcases.TransportPageTest" name="@BeforeMethod setUp" time="0.0">
    <skipped/>
  </testcase> <!-- @BeforeMethod setUp -->
  <testcase classname="com.ss.qa.testcases.TransportPageTest" name="@AfterMethod teadDown" time="0.0">
    <skipped/>
  </testcase> <!-- @AfterMethod teadDown -->
  <testcase classname="com.ss.qa.testcases.CarsPageTest" name="@BeforeMethod setUp" time="3.536">
    <failure type="java.lang.NullPointerException">
      <![CDATA[java.lang.NullPointerException
at com.ss.qa.util.WebEventListener.beforeFindBy(WebEventListener.java:68)
at org.openqa.selenium.support.events.EventFiringWebDriver.lambda$new$0(EventFiringWebDriver.java:84)
at com.sun.proxy.$Proxy9.beforeFindBy(Unknown Source)
at org.openqa.selenium.support.events.EventFiringWebDriver.findElement(EventFiringWebDriver.java:193)
at org.openqa.selenium.support.pagefactory.DefaultElementLocator.findElement(DefaultElementLocator.java:69)
at org.openqa.selenium.support.pagefactory.internal.LocatingElementHandler.invoke(LocatingElementHandler.java:38)
at com.sun.proxy.$Proxy14.click(Unknown Source)
at com.ss.qa.pages.HomePage.clickTransportLink(HomePage.java:54)
at com.ss.qa.testcases.CarsPageTest.setUp(CarsPageTest.java:34)
... Removed 32 stack frames]]>
    </failure>
  </testcase> <!-- @BeforeMethod setUp -->
  <testcase classname="com.ss.qa.testcases.CarsPageTest" name="@AfterMethod tearDown" time="0.0">
    <skipped/>
  </testcase> <!-- @AfterMethod tearDown -->
  <testcase classname="com.ss.qa.testcases.CarsPageTest" name="@BeforeMethod setUp" time="0.0">
    <skipped/>
  </testcase> <!-- @BeforeMethod setUp -->
  <testcase classname="com.ss.qa.testcases.CarsPageTest" name="@AfterMethod tearDown" time="0.0">
    <skipped/>
  </testcase> <!-- @AfterMethod tearDown -->
  <testcase classname="com.ss.qa.testcases.CarsPageTest" name="@BeforeMethod setUp" time="0.0">
    <skipped/>
  </testcase> <!-- @BeforeMethod setUp -->
  <testcase classname="com.ss.qa.testcases.CarsPageTest" name="@AfterMethod tearDown" time="0.0">
    <skipped/>
  </testcase> <!-- @AfterMethod tearDown -->
  <testcase classname="com.ss.qa.testcases.HomePageTest" name="homePageJobBusinessLogoTest" time="0.015">
    <failure type="java.lang.NullPointerException">
      <![CDATA[java.lang.NullPointerException
at com.ss.qa.util.WebEventListener.beforeFindBy(WebEventListener.java:68)
at org.openqa.selenium.support.events.EventFiringWebDriver.lambda$new$0(EventFiringWebDriver.java:84)
at com.sun.proxy.$Proxy9.beforeFindBy(Unknown Source)
at org.openqa.selenium.support.events.EventFiringWebDriver.findElement(EventFiringWebDriver.java:193)
at org.openqa.selenium.support.pagefactory.DefaultElementLocator.findElement(DefaultElementLocator.java:69)
at org.openqa.selenium.support.pagefactory.internal.LocatingElementHandler.invoke(LocatingElementHandler.java:38)
at com.sun.proxy.$Proxy14.isDisplayed(Unknown Source)
at com.ss.qa.pages.HomePage.validateJobBusinessLogo(HomePage.java:46)
at com.ss.qa.testcases.HomePageTest.homePageJobBusinessLogoTest(HomePageTest.java:41)
... Removed 29 stack frames]]>
    </failure>
  </testcase> <!-- homePageJobBusinessLogoTest -->
  <testcase classname="com.ss.qa.testcases.HomePageTest" name="homePageLogoTest" time="0.002">
    <failure type="java.lang.NullPointerException">
      <![CDATA[java.lang.NullPointerException
at com.ss.qa.util.WebEventListener.beforeFindBy(WebEventListener.java:68)
at org.openqa.selenium.support.events.EventFiringWebDriver.lambda$new$0(EventFiringWebDriver.java:84)
at com.sun.proxy.$Proxy9.beforeFindBy(Unknown Source)
at org.openqa.selenium.support.events.EventFiringWebDriver.findElement(EventFiringWebDriver.java:193)
at org.openqa.selenium.support.pagefactory.DefaultElementLocator.findElement(DefaultElementLocator.java:69)
at org.openqa.selenium.support.pagefactory.internal.LocatingElementHandler.invoke(LocatingElementHandler.java:38)
at com.sun.proxy.$Proxy14.isDisplayed(Unknown Source)
at com.ss.qa.pages.HomePage.validateSSLogo(HomePage.java:42)
at com.ss.qa.testcases.HomePageTest.homePageLogoTest(HomePageTest.java:35)
... Removed 29 stack frames]]>
    </failure>
  </testcase> <!-- homePageLogoTest -->
  <testcase classname="com.ss.qa.testcases.HomePageTest" name="homePageTitleTest" time="0.017"/>
  <testcase classname="com.ss.qa.testcases.HomePageTest" name="homePageTransportLinkTest" time="0.002">
    <failure type="java.lang.NullPointerException">
      <![CDATA[java.lang.NullPointerException
at com.ss.qa.util.WebEventListener.beforeFindBy(WebEventListener.java:68)
at org.openqa.selenium.support.events.EventFiringWebDriver.lambda$new$0(EventFiringWebDriver.java:84)
at com.sun.proxy.$Proxy9.beforeFindBy(Unknown Source)
at org.openqa.selenium.support.events.EventFiringWebDriver.findElement(EventFiringWebDriver.java:193)
at org.openqa.selenium.support.pagefactory.DefaultElementLocator.findElement(DefaultElementLocator.java:69)
at org.openqa.selenium.support.pagefactory.internal.LocatingElementHandler.invoke(LocatingElementHandler.java:38)
at com.sun.proxy.$Proxy14.click(Unknown Source)
at com.ss.qa.pages.HomePage.clickTransportLink(HomePage.java:54)
at com.ss.qa.testcases.HomePageTest.homePageTransportLinkTest(HomePageTest.java:53)
... Removed 29 stack frames]]>
    </failure>
  </testcase> <!-- homePageTransportLinkTest -->
  <testcase classname="com.ss.qa.testcases.HomePageTest" name="homePageTransportLogoTest" time="0.003">
    <failure type="java.lang.NullPointerException">
      <![CDATA[java.lang.NullPointerException
at com.ss.qa.util.WebEventListener.beforeFindBy(WebEventListener.java:68)
at org.openqa.selenium.support.events.EventFiringWebDriver.lambda$new$0(EventFiringWebDriver.java:84)
at com.sun.proxy.$Proxy9.beforeFindBy(Unknown Source)
at org.openqa.selenium.support.events.EventFiringWebDriver.findElement(EventFiringWebDriver.java:193)
at org.openqa.selenium.support.pagefactory.DefaultElementLocator.findElement(DefaultElementLocator.java:69)
at org.openqa.selenium.support.pagefactory.internal.LocatingElementHandler.invoke(LocatingElementHandler.java:38)
at com.sun.proxy.$Proxy14.isDisplayed(Unknown Source)
at com.ss.qa.pages.HomePage.validateTransportLogo(HomePage.java:50)
at com.ss.qa.testcases.HomePageTest.homePageTransportLogoTest(HomePageTest.java:47)
... Removed 29 stack frames]]>
    </failure>
  </testcase> <!-- homePageTransportLogoTest -->
  <testcase classname="com.ss.qa.testcases.TransportPageTest" name="transportPageAnnouncementButtonTest" time="0.0">
    <skipped/>
  </testcase> <!-- transportPageAnnouncementButtonTest -->
  <testcase classname="com.ss.qa.testcases.TransportPageTest" name="transportPageCarsLinkTest" time="0.0">
    <skipped/>
  </testcase> <!-- transportPageCarsLinkTest -->
  <testcase classname="com.ss.qa.testcases.TransportPageTest" name="transportPageTitleTest" time="0.0">
    <skipped/>
  </testcase> <!-- transportPageTitleTest -->
  <testcase classname="com.ss.qa.testcases.CarsPageTest" name="differentModelsOfACar" time="0.0">
    <skipped/>
  </testcase> <!-- differentModelsOfACar -->
  <testcase classname="com.ss.qa.testcases.CarsPageTest" name="searchCarsByYear" time="0.0">
    <skipped/>
  </testcase> <!-- searchCarsByYear -->
  <testcase classname="com.ss.qa.testcases.CarsPageTest" name="validateCarsPageTitle" time="0.0">
    <skipped/>
  </testcase> <!-- validateCarsPageTitle -->
</testsuite> <!-- Evolution Gaming Test Automation -->
