<?xml version="1.0" encoding="UTF-8"?>
<!-- Generated by org.testng.reporters.JUnitXMLReporter -->
<testsuite ignored="5" hostname="NL-PF10R29K" failures="0" tests="1" name="Default test" time="3.747" errors="0" timestamp="10 Sep 2018 20:46:21 GMT">
  <testcase classname="com.ss.qa.testcases.HomePageTest" name="@BeforeMethod setUp" time="3.698">
    <failure type="java.lang.ExceptionInInitializerError">
      <![CDATA[java.lang.ExceptionInInitializerError
	at org.sikuli.basics.Debug.log(Debug.java:697)
	at org.sikuli.basics.Debug.logx(Debug.java:675)
	at org.sikuli.script.RunTime.log(RunTime.java:99)
	at org.sikuli.script.RunTime.get(RunTime.java:184)
	at org.sikuli.script.RunTime.get(RunTime.java:126)
	at org.sikuli.script.RunTime.get(RunTime.java:316)
	at org.sikuli.script.Region.<clinit>(Region.java:31)
	at com.ss.qa.base.TestBase.initialization(TestBase.java:63)
	at com.ss.qa.testcases.HomePageTest.setUp(HomePageTest.java:25)
	at java.base/jdk.internal.reflect.NativeMethodAccessorImpl.invoke0(Native Method)
	at java.base/jdk.internal.reflect.NativeMethodAccessorImpl.invoke(NativeMethodAccessorImpl.java:62)
	at java.base/jdk.internal.reflect.DelegatingMethodAccessorImpl.invoke(DelegatingMethodAccessorImpl.java:43)
	at java.base/java.lang.reflect.Method.invoke(Method.java:564)
	at org.testng.internal.MethodInvocationHelper.invokeMethod(MethodInvocationHelper.java:108)
	at org.testng.internal.Invoker.invokeConfigurationMethod(Invoker.java:523)
	at org.testng.internal.Invoker.invokeConfigurations(Invoker.java:224)
	at org.testng.internal.Invoker.invokeMethod(Invoker.java:599)
	at org.testng.internal.Invoker.invokeTestMethod(Invoker.java:869)
	at org.testng.internal.Invoker.invokeTestMethods(Invoker.java:1193)
	at org.testng.internal.TestMethodWorker.invokeTestMethods(TestMethodWorker.java:126)
	at org.testng.internal.TestMethodWorker.run(TestMethodWorker.java:109)
	at org.testng.TestRunner.privateRun(TestRunner.java:744)
	at org.testng.TestRunner.run(TestRunner.java:602)
	at org.testng.SuiteRunner.runTest(SuiteRunner.java:380)
	at org.testng.SuiteRunner.runSequentially(SuiteRunner.java:375)
	at org.testng.SuiteRunner.privateRun(SuiteRunner.java:340)
	at org.testng.SuiteRunner.run(SuiteRunner.java:289)
	at org.testng.SuiteRunnerWorker.runSuite(SuiteRunnerWorker.java:52)
	at org.testng.SuiteRunnerWorker.run(SuiteRunnerWorker.java:86)
	at org.testng.TestNG.runSuitesSequentially(TestNG.java:1301)
	at org.testng.TestNG.runSuitesLocally(TestNG.java:1226)
	at org.testng.TestNG.runSuites(TestNG.java:1144)
	at org.testng.TestNG.run(TestNG.java:1115)
	at org.testng.remote.AbstractRemoteTestNG.run(AbstractRemoteTestNG.java:114)
	at org.testng.remote.RemoteTestNG.initAndRun(RemoteTestNG.java:251)
	at org.testng.remote.RemoteTestNG.main(RemoteTestNG.java:77)
Caused by: java.lang.StringIndexOutOfBoundsException: begin 2, end 3, length 2
	at java.base/java.lang.String.checkBoundsBeginEnd(String.java:3107)
	at java.base/java.lang.String.substring(String.java:1873)
	at org.sikuli.basics.Settings.<clinit>(Settings.java:123)
	... 36 more
]]>
    </failure>
  </testcase> <!-- @BeforeMethod setUp -->
  <testcase classname="com.ss.qa.testcases.HomePageTest" name="homePageLogoTest" time="0.001">
    <skipped/>
  </testcase> <!-- homePageLogoTest -->
  <testcase classname="com.ss.qa.testcases.HomePageTest" name="homePageJobBusinessLogoTest" time="0.0">
    <ignored/>
  </testcase> <!-- homePageJobBusinessLogoTest -->
  <testcase classname="com.ss.qa.testcases.HomePageTest" name="homePageTitleTest" time="0.0">
    <ignored/>
  </testcase> <!-- homePageTitleTest -->
  <testcase classname="com.ss.qa.testcases.HomePageTest" name="homePageTransportLogoTest" time="0.0">
    <ignored/>
  </testcase> <!-- homePageTransportLogoTest -->
  <testcase classname="com.ss.qa.testcases.HomePageTest" name="homePageTransportLinkTest" time="0.0">
    <ignored/>
  </testcase> <!-- homePageTransportLinkTest -->
  <testcase classname="com.ss.qa.testcases.HomePageTest" name="verifyCarImageatHomePage" time="0.0">
    <ignored/>
  </testcase> <!-- verifyCarImageatHomePage -->
</testsuite> <!-- Default test -->
