<?xml version="1.0" encoding="UTF-8"?>
<!-- Generated by org.testng.reporters.JUnitXMLReporter -->
<testsuite ignored="0" hostname="NL-PF10R29K" failures="0" tests="16" name="Command line test" time="23.94" errors="0" timestamp="11 Sep 2018 20:42:13 GMT">
  <testcase classname="com.ss.qa.testcases.CarsPageTest" name="@BeforeMethod setUp" time="3.24">
    <failure type="java.lang.NoClassDefFoundError" message="Lorg/sikuli/script/Screen;">
      <![CDATA[java.lang.NoClassDefFoundError: Lorg/sikuli/script/Screen;
	at java.base/java.lang.Class.getDeclaredFields0(Native Method)
	at java.base/java.lang.Class.privateGetDeclaredFields(Class.java:3014)
	at java.base/java.lang.Class.getDeclaredFields(Class.java:2207)
	at org.openqa.selenium.support.PageFactory.proxyFields(PageFactory.java:111)
	at org.openqa.selenium.support.PageFactory.initElements(PageFactory.java:105)
	at org.openqa.selenium.support.PageFactory.initElements(PageFactory.java:92)
	at org.openqa.selenium.support.PageFactory.initElements(PageFactory.java:79)
	at com.ss.qa.pages.HomePage.<init>(HomePage.java:39)
	at com.ss.qa.testcases.CarsPageTest.setUp(CarsPageTest.java:33)
Caused by: java.lang.ClassNotFoundException: org.sikuli.script.Screen
	at java.base/jdk.internal.loader.BuiltinClassLoader.loadClass(BuiltinClassLoader.java:582)
	at java.base/jdk.internal.loader.ClassLoaders$AppClassLoader.loadClass(ClassLoaders.java:190)
	at java.base/java.lang.ClassLoader.loadClass(ClassLoader.java:499)
	... 46 more
... Removed 37 stack frames]]>
    </failure>
  </testcase> <!-- @BeforeMethod setUp -->
  <testcase classname="com.ss.qa.testcases.CarsPageTest" name="@BeforeMethod setUp" time="0.0">
    <skipped/>
  </testcase> <!-- @BeforeMethod setUp -->
  <testcase classname="com.ss.qa.testcases.CarsPageTest" name="@BeforeMethod setUp" time="0.0">
    <skipped/>
  </testcase> <!-- @BeforeMethod setUp -->
  <testcase classname="com.ss.qa.testcases.SearchPageTest" name="@BeforeMethod setUp" time="3.21">
    <failure type="java.lang.NoClassDefFoundError" message="Lorg/sikuli/script/Screen;">
      <![CDATA[java.lang.NoClassDefFoundError: Lorg/sikuli/script/Screen;
	at java.base/java.lang.Class.getDeclaredFields0(Native Method)
	at java.base/java.lang.Class.privateGetDeclaredFields(Class.java:3014)
	at java.base/java.lang.Class.getDeclaredFields(Class.java:2207)
	at org.openqa.selenium.support.PageFactory.proxyFields(PageFactory.java:111)
	at org.openqa.selenium.support.PageFactory.initElements(PageFactory.java:105)
	at org.openqa.selenium.support.PageFactory.initElements(PageFactory.java:92)
	at org.openqa.selenium.support.PageFactory.initElements(PageFactory.java:79)
	at com.ss.qa.pages.HomePage.<init>(HomePage.java:39)
	at com.ss.qa.testcases.SearchPageTest.setUp(SearchPageTest.java:29)
Caused by: java.lang.ClassNotFoundException: org.sikuli.script.Screen
	at java.base/jdk.internal.loader.BuiltinClassLoader.loadClass(BuiltinClassLoader.java:582)
	at java.base/jdk.internal.loader.ClassLoaders$AppClassLoader.loadClass(ClassLoaders.java:190)
	at java.base/java.lang.ClassLoader.loadClass(ClassLoader.java:499)
	... 46 more
... Removed 37 stack frames]]>
    </failure>
  </testcase> <!-- @BeforeMethod setUp -->
  <testcase classname="com.ss.qa.testcases.HomePageTest" name="@BeforeMethod setUp" time="3.311">
    <failure type="java.lang.NoClassDefFoundError" message="Lorg/sikuli/script/Screen;">
      <![CDATA[java.lang.NoClassDefFoundError: Lorg/sikuli/script/Screen;
	at java.base/java.lang.Class.getDeclaredFields0(Native Method)
	at java.base/java.lang.Class.privateGetDeclaredFields(Class.java:3014)
	at java.base/java.lang.Class.getDeclaredFields(Class.java:2207)
	at org.openqa.selenium.support.PageFactory.proxyFields(PageFactory.java:111)
	at org.openqa.selenium.support.PageFactory.initElements(PageFactory.java:105)
	at org.openqa.selenium.support.PageFactory.initElements(PageFactory.java:92)
	at org.openqa.selenium.support.PageFactory.initElements(PageFactory.java:79)
	at com.ss.qa.pages.HomePage.<init>(HomePage.java:39)
	at com.ss.qa.testcases.HomePageTest.setUp(HomePageTest.java:26)
Caused by: java.lang.ClassNotFoundException: org.sikuli.script.Screen
	at java.base/jdk.internal.loader.BuiltinClassLoader.loadClass(BuiltinClassLoader.java:582)
	at java.base/jdk.internal.loader.ClassLoaders$AppClassLoader.loadClass(ClassLoaders.java:190)
	at java.base/java.lang.ClassLoader.loadClass(ClassLoader.java:499)
	... 46 more
... Removed 37 stack frames]]>
    </failure>
  </testcase> <!-- @BeforeMethod setUp -->
  <testcase classname="com.ss.qa.testcases.HomePageTest" name="@BeforeMethod setUp" time="0.0">
    <skipped/>
  </testcase> <!-- @BeforeMethod setUp -->
  <testcase classname="com.ss.qa.testcases.HomePageTest" name="@BeforeMethod setUp" time="0.0">
    <skipped/>
  </testcase> <!-- @BeforeMethod setUp -->
  <testcase classname="com.ss.qa.testcases.HomePageTest" name="@BeforeMethod setUp" time="0.0">
    <skipped/>
  </testcase> <!-- @BeforeMethod setUp -->
  <testcase classname="com.ss.qa.testcases.HomePageTest" name="@BeforeMethod setUp" time="0.0">
    <skipped/>
  </testcase> <!-- @BeforeMethod setUp -->
  <testcase classname="com.ss.qa.testcases.HomePageTest" name="@BeforeMethod setUp" time="0.0">
    <skipped/>
  </testcase> <!-- @BeforeMethod setUp -->
  <testcase classname="com.ss.qa.testcases.TransportPageTest" name="@BeforeMethod setUp" time="4.37">
    <failure type="java.lang.NoClassDefFoundError" message="Lorg/sikuli/script/Screen;">
      <![CDATA[java.lang.NoClassDefFoundError: Lorg/sikuli/script/Screen;
	at java.base/java.lang.Class.getDeclaredFields0(Native Method)
	at java.base/java.lang.Class.privateGetDeclaredFields(Class.java:3014)
	at java.base/java.lang.Class.getDeclaredFields(Class.java:2207)
	at org.openqa.selenium.support.PageFactory.proxyFields(PageFactory.java:111)
	at org.openqa.selenium.support.PageFactory.initElements(PageFactory.java:105)
	at org.openqa.selenium.support.PageFactory.initElements(PageFactory.java:92)
	at org.openqa.selenium.support.PageFactory.initElements(PageFactory.java:79)
	at com.ss.qa.pages.HomePage.<init>(HomePage.java:39)
	at com.ss.qa.testcases.TransportPageTest.setUp(TransportPageTest.java:31)
Caused by: java.lang.ClassNotFoundException: org.sikuli.script.Screen
	at java.base/jdk.internal.loader.BuiltinClassLoader.loadClass(BuiltinClassLoader.java:582)
	at java.base/jdk.internal.loader.ClassLoaders$AppClassLoader.loadClass(ClassLoaders.java:190)
	at java.base/java.lang.ClassLoader.loadClass(ClassLoader.java:499)
	... 46 more
... Removed 37 stack frames]]>
    </failure>
  </testcase> <!-- @BeforeMethod setUp -->
  <testcase classname="com.ss.qa.testcases.TransportPageTest" name="@BeforeMethod setUp" time="0.0">
    <skipped/>
  </testcase> <!-- @BeforeMethod setUp -->
  <testcase classname="com.ss.qa.testcases.TransportPageTest" name="@BeforeMethod setUp" time="0.0">
    <skipped/>
  </testcase> <!-- @BeforeMethod setUp -->
  <testcase classname="com.ss.qa.testcases.CarDetailPageTest" name="@BeforeMethod setUp" time="3.739">
    <failure type="java.lang.NoClassDefFoundError" message="Lorg/sikuli/script/Screen;">
      <![CDATA[java.lang.NoClassDefFoundError: Lorg/sikuli/script/Screen;
	at java.base/java.lang.Class.getDeclaredFields0(Native Method)
	at java.base/java.lang.Class.privateGetDeclaredFields(Class.java:3014)
	at java.base/java.lang.Class.getDeclaredFields(Class.java:2207)
	at org.openqa.selenium.support.PageFactory.proxyFields(PageFactory.java:111)
	at org.openqa.selenium.support.PageFactory.initElements(PageFactory.java:105)
	at org.openqa.selenium.support.PageFactory.initElements(PageFactory.java:92)
	at org.openqa.selenium.support.PageFactory.initElements(PageFactory.java:79)
	at com.ss.qa.pages.HomePage.<init>(HomePage.java:39)
	at com.ss.qa.testcases.CarDetailPageTest.setUp(CarDetailPageTest.java:34)
Caused by: java.lang.ClassNotFoundException: org.sikuli.script.Screen
	at java.base/jdk.internal.loader.BuiltinClassLoader.loadClass(BuiltinClassLoader.java:582)
	at java.base/jdk.internal.loader.ClassLoaders$AppClassLoader.loadClass(ClassLoaders.java:190)
	at java.base/java.lang.ClassLoader.loadClass(ClassLoader.java:499)
	... 46 more
... Removed 37 stack frames]]>
    </failure>
  </testcase> <!-- @BeforeMethod setUp -->
  <testcase classname="com.ss.qa.testcases.CarDetailPageTest" name="@BeforeMethod setUp" time="0.0">
    <skipped/>
  </testcase> <!-- @BeforeMethod setUp -->
  <testcase classname="com.ss.qa.testcases.RegistrationPageTest" name="@BeforeMethod setUp" time="5.744">
    <failure type="java.lang.NoClassDefFoundError" message="Lorg/sikuli/script/Screen;">
      <![CDATA[java.lang.NoClassDefFoundError: Lorg/sikuli/script/Screen;
	at java.base/java.lang.Class.getDeclaredFields0(Native Method)
	at java.base/java.lang.Class.privateGetDeclaredFields(Class.java:3014)
	at java.base/java.lang.Class.getDeclaredFields(Class.java:2207)
	at org.openqa.selenium.support.PageFactory.proxyFields(PageFactory.java:111)
	at org.openqa.selenium.support.PageFactory.initElements(PageFactory.java:105)
	at org.openqa.selenium.support.PageFactory.initElements(PageFactory.java:92)
	at org.openqa.selenium.support.PageFactory.initElements(PageFactory.java:79)
	at com.ss.qa.pages.HomePage.<init>(HomePage.java:39)
	at com.ss.qa.testcases.RegistrationPageTest.setUp(RegistrationPageTest.java:35)
Caused by: java.lang.ClassNotFoundException: org.sikuli.script.Screen
	at java.base/jdk.internal.loader.BuiltinClassLoader.loadClass(BuiltinClassLoader.java:582)
	at java.base/jdk.internal.loader.ClassLoaders$AppClassLoader.loadClass(ClassLoaders.java:190)
	at java.base/java.lang.ClassLoader.loadClass(ClassLoader.java:499)
	... 46 more
... Removed 37 stack frames]]>
    </failure>
  </testcase> <!-- @BeforeMethod setUp -->
  <testcase classname="com.ss.qa.testcases.CarsPageTest" name="differentModelsOfACar" time="0.0">
    <skipped/>
  </testcase> <!-- differentModelsOfACar -->
  <testcase classname="com.ss.qa.testcases.CarsPageTest" name="searchCarsByYear" time="0.0">
    <skipped/>
  </testcase> <!-- searchCarsByYear -->
  <testcase classname="com.ss.qa.testcases.CarsPageTest" name="validateCarsPageTitle" time="0.0">
    <skipped/>
  </testcase> <!-- validateCarsPageTitle -->
  <testcase classname="com.ss.qa.testcases.SearchPageTest" name="verifySearchStringInResults" time="0.0">
    <skipped/>
  </testcase> <!-- verifySearchStringInResults -->
  <testcase classname="com.ss.qa.testcases.HomePageTest" name="homePageJobBusinessLogoTest" time="0.0">
    <skipped/>
  </testcase> <!-- homePageJobBusinessLogoTest -->
  <testcase classname="com.ss.qa.testcases.HomePageTest" name="homePageLogoTest" time="0.0">
    <skipped/>
  </testcase> <!-- homePageLogoTest -->
  <testcase classname="com.ss.qa.testcases.HomePageTest" name="homePageTitleTest" time="0.0">
    <skipped/>
  </testcase> <!-- homePageTitleTest -->
  <testcase classname="com.ss.qa.testcases.HomePageTest" name="homePageTransportLinkTest" time="0.0">
    <skipped/>
  </testcase> <!-- homePageTransportLinkTest -->
  <testcase classname="com.ss.qa.testcases.HomePageTest" name="homePageTransportLogoTest" time="0.0">
    <skipped/>
  </testcase> <!-- homePageTransportLogoTest -->
  <testcase classname="com.ss.qa.testcases.HomePageTest" name="verifyCarImageatHomePage" time="0.0">
    <skipped/>
  </testcase> <!-- verifyCarImageatHomePage -->
  <testcase classname="com.ss.qa.testcases.TransportPageTest" name="transportPageAnnouncementButtonTest" time="0.0">
    <skipped/>
  </testcase> <!-- transportPageAnnouncementButtonTest -->
  <testcase classname="com.ss.qa.testcases.TransportPageTest" name="transportPageCarsLinkTest" time="0.0">
    <skipped/>
  </testcase> <!-- transportPageCarsLinkTest -->
  <testcase classname="com.ss.qa.testcases.TransportPageTest" name="transportPageTitleTest" time="0.0">
    <skipped/>
  </testcase> <!-- transportPageTitleTest -->
  <testcase classname="com.ss.qa.testcases.CarDetailPageTest" name="validateRegisterNewUser" time="0.0">
    <skipped/>
  </testcase> <!-- validateRegisterNewUser -->
  <testcase classname="com.ss.qa.testcases.CarDetailPageTest" name="validateRegisterNewUser" time="0.001">
    <skipped/>
  </testcase> <!-- validateRegisterNewUser -->
  <testcase classname="com.ss.qa.testcases.RegistrationPageTest" name="validateRegisterNewUser" time="0.0">
    <skipped/>
  </testcase> <!-- validateRegisterNewUser -->
</testsuite> <!-- Command line test -->
